[debug] [2026-03-20T23:32:00.622Z] ----------------------------------------------------------------------
[debug] [2026-03-20T23:32:00.626Z] Command:       C:\Program Files\nodejs\node.exe C:\Users\GUSTAVO-PC\AppData\Roaming\npm\node_modules\firebase-tools\lib\bin\firebase.js init emulators
[debug] [2026-03-20T23:32:00.626Z] CLI Version:   15.11.0
[debug] [2026-03-20T23:32:00.627Z] Platform:      win32
[debug] [2026-03-20T23:32:00.627Z] Node Version:  v22.18.0
[debug] [2026-03-20T23:32:00.627Z] Time:          Fri Mar 20 2026 20:32:00 GMT-0300 (Horário Padrão de Brasília)
[debug] [2026-03-20T23:32:00.627Z] ----------------------------------------------------------------------
[debug] 
[info] 
     ######## #### ########  ######## ########     ###     ######  ########
     ##        ##  ##     ## ##       ##     ##  ##   ##  ##       ##
     ######    ##  ########  ######   ########  #########  ######  ######
     ##        ##  ##    ##  ##       ##     ## ##     ##       ## ##
     ##       #### ##     ## ######## ########  ##     ##  ######  ########

You're about to initialize a Firebase project in this directory:

  G:\Projetos\pedeae2

[info] 
=== Project Setup
[info] 
[info] First, let's associate this project directory with a Firebase project.
[info] You can create multiple project aliases by running firebase use --add, 
[info] 
[debug] [2026-03-20T23:33:49.354Z] ExitPromptError: User force closed the prompt with SIGINT
    at Interface.sigint (C:\Users\GUSTAVO-PC\AppData\Roaming\npm\node_modules\firebase-tools\node_modules\@inquirer\core\dist\commonjs\lib\create-prompt.js:101:37)
    at Interface.emit (node:events:518:28)
    at [_ttyWrite] [as _ttyWrite] (node:internal/readline/interface:1132:18)
    at ReadStream.onkeypress (node:internal/readline/interface:271:20)
    at ReadStream.emit (node:events:530:35)
    at emitKeys (node:internal/readline/utils:370:14)
    at emitKeys.next (<anonymous>)
    at ReadStream.onData (node:internal/readline/emitKeypressEvents:64:36)
    at ReadStream.emit (node:events:518:28)
    at addChunk (node:internal/streams/readable:561:12)
[error] 
[error] Error: An unexpected error has occurred.
